* using log directory ‘/Users/burrelvannjr/Desktop/package/iaQCA.Rcheck’
* using R version 3.2.3 (2015-12-10)
* using platform: x86_64-apple-darwin13.4.0 (64-bit)
* using session charset: UTF-8
* checking for file ‘iaQCA/DESCRIPTION’ ... OK
* this is package ‘iaQCA’ version ‘0.8.9.0’
* checking package namespace information ... OK
* checking package dependencies ... OK
* checking if this is a source package ... OK
* checking if there is a namespace ... OK
* checking for executable files ... OK
* checking for hidden files and directories ... OK
* checking for portable file names ... OK
* checking for sufficient/correct file permissions ... OK
* checking whether package ‘iaQCA’ can be installed ... OK
* checking installed package size ... OK
* checking package directory ... OK
* checking DESCRIPTION meta-information ... OK
* checking top-level files ... OK
* checking for left-over files ... OK
* checking index information ... OK
* checking package subdirectories ... OK
* checking R files for non-ASCII characters ... OK
* checking R files for syntax errors ... OK
* checking whether the package can be loaded ... OK
* checking whether the package can be loaded with stated dependencies ... OK
* checking whether the package can be unloaded cleanly ... OK
* checking whether the namespace can be loaded with stated dependencies ... OK
* checking whether the namespace can be unloaded cleanly ... OK
* checking use of S3 registration ... OK
* checking dependencies in R code ... NOTE
Package in Depends field not imported from: ‘QCA’
  These packages need to be imported from (in the NAMESPACE file)
  for when this namespace is loaded but not attached.
* checking S3 generic/method consistency ... OK
* checking replacement functions ... OK
* checking foreign function calls ... OK
* checking R code for possible problems ... OK
* checking Rd files ... OK
* checking Rd metadata ... OK
* checking Rd line widths ... OK
* checking Rd cross-references ... OK
* checking for missing documentation entries ... OK
* checking for code/documentation mismatches ... OK
* checking Rd \usage sections ... OK
* checking Rd contents ... OK
* checking for unstated dependencies in examples ... OK
* checking contents of ‘data’ directory ... OK
* checking data for non-ASCII characters ... OK
* checking data for ASCII and uncompressed saves ... OK
* checking examples ... ERROR
Running examples in ‘iaQCA-Ex.R’ failed
The error most likely occurred in:

> base::assign(".ptime", proc.time(), pos = "CheckExEnv")
> ### Name: iraQCA
> ### Title: Irvine Robustness Assessment
> ### Aliases: iraQCA
> 
> ### ** Examples
> 
> data(rallies)
> P<-rallies$P
> R<-rallies$R
> C<-rallies$C
> U<-rallies$U
> 
> qca.data<-data.frame(P,R,C,U)
> truth<-truthTable(qca.data,outcome="P",sort.by="incl",incl.cut1=0.7,show.cases=TRUE)
> truth

  OUT: outcome value
    n: number of cases in configuration
 incl: sufficiency inclusion score

   R  C  U  OUT n  incl  PRI  
3  0  1  0   1  11 0.727 0.727
7  1  1  0   0  15 0.467 0.467
2  0  0  1   0   4 0.250 0.250
8  1  1  1   0   5 0.200 0.200
5  1  0  0   0  12 0.083 0.083
6  1  0  1   0  20 0.050 0.050
   cases                                                    
3  5,8,10,12,16,22,42,49,51,55,66                           
7  1,6,7,13,15,17,23,27,35,36,37,38,41,46,54                
2  11,43,59,65                                              
8  4,18,26,47,60                                            
5  2,21,25,28,31,32,33,34,48,52,58,67                       
6  3,9,14,19,20,24,29,30,39,40,44,45,50,53,56,57,61,62,63,64

> mod1 <- eqmcc(truth,details=TRUE,show.cases=TRUE)
> mod1

n OUT = 1/0/C: 11/56/0 
  Total      : 67 

Number of multiple-covered cases: 0 

M1: rCu => P

        incl   PRI    cov.r  cov.u  cases 
------------------------------------------------------------------ 
1  rCu  0.727  0.727  0.421    -    5,8,10,12,16,22,42,49,51,55,66 
------------------------------------------------------------------ 
   M1   0.727  0.727  0.421 

> 
> iraQCA(mod1,sim=5)
Error in if (sum(outcome > 0 && outcome < 1) == 0) { : 
  missing value where TRUE/FALSE needed
Calls: iraQCA
Execution halted
* checking PDF version of manual ... OK
* DONE
Status: 1 ERROR, 1 NOTE
